bin\djMediaMixerApp_debug.ilk
C:\OpenFrameworks\apps\examples\emptyExample\bin\djMediaMixerApp_debug.exp
C:\OpenFrameworks\apps\examples\emptyExample\bin\djMediaMixerApp_debug.lib
C:\OPENFRAMEWORKS\APPS\EXAMPLES\EMPTYEXAMPLE\OBJ\DEBUG\BEATDETECT.OBJ
C:\OpenFrameworks\apps\examples\emptyExample\obj\Debug\cl.command.1.tlog
C:\OpenFrameworks\apps\examples\emptyExample\obj\Debug\CL.read.1.tlog
C:\OpenFrameworks\apps\examples\emptyExample\obj\Debug\CL.write.1.tlog
C:\OPENFRAMEWORKS\APPS\EXAMPLES\EMPTYEXAMPLE\OBJ\DEBUG\DJCIRCLEBUTTON.OBJ
C:\OPENFRAMEWORKS\APPS\EXAMPLES\EMPTYEXAMPLE\OBJ\DEBUG\DJMEDIAMIXERAPP.OBJ
C:\OpenFrameworks\apps\examples\emptyExample\obj\Debug\djMediaMixerApp.write.1.tlog
C:\OPENFRAMEWORKS\APPS\EXAMPLES\EMPTYEXAMPLE\OBJ\DEBUG\DJMEDIAMIXERAPP_DEBUG.EXE.EMBED.MANIFEST
C:\OPENFRAMEWORKS\APPS\EXAMPLES\EMPTYEXAMPLE\OBJ\DEBUG\DJMEDIAMIXERAPP_DEBUG.EXE.EMBED.MANIFEST.RES
C:\OpenFrameworks\apps\examples\emptyExample\obj\Debug\djMediaMixerApp_debug.exe.intermediate.manifest
C:\OpenFrameworks\apps\examples\emptyExample\obj\Debug\djMediaMixerApp_debug_manifest.rc
C:\OPENFRAMEWORKS\APPS\EXAMPLES\EMPTYEXAMPLE\OBJ\DEBUG\DJMUSICPLAYER.OBJ
C:\OPENFRAMEWORKS\APPS\EXAMPLES\EMPTYEXAMPLE\OBJ\DEBUG\DJRECTBUTTON.OBJ
C:\OPENFRAMEWORKS\APPS\EXAMPLES\EMPTYEXAMPLE\OBJ\DEBUG\DJSCRATCHPLAYER.OBJ
C:\OPENFRAMEWORKS\APPS\EXAMPLES\EMPTYEXAMPLE\OBJ\DEBUG\DJSERIAL.OBJ
C:\OPENFRAMEWORKS\APPS\EXAMPLES\EMPTYEXAMPLE\OBJ\DEBUG\DJSLIDERBAR.OBJ
C:\OPENFRAMEWORKS\APPS\EXAMPLES\EMPTYEXAMPLE\OBJ\DEBUG\FFT.OBJ
C:\OPENFRAMEWORKS\APPS\EXAMPLES\EMPTYEXAMPLE\OBJ\DEBUG\FFTOCTAVEANALYZER.OBJ
C:\OpenFrameworks\apps\examples\emptyExample\obj\Debug\link.3932.read.1.tlog
C:\OpenFrameworks\apps\examples\emptyExample\obj\Debug\link.3932.write.1.tlog
C:\OpenFrameworks\apps\examples\emptyExample\obj\Debug\link.3932-cvtres.read.1.tlog
C:\OpenFrameworks\apps\examples\emptyExample\obj\Debug\link.3932-cvtres.write.1.tlog
C:\OpenFrameworks\apps\examples\emptyExample\obj\Debug\link.4920.read.1.tlog
C:\OpenFrameworks\apps\examples\emptyExample\obj\Debug\link.4920.write.1.tlog
C:\OpenFrameworks\apps\examples\emptyExample\obj\Debug\link.4920-cvtres.read.1.tlog
C:\OpenFrameworks\apps\examples\emptyExample\obj\Debug\link.4920-cvtres.write.1.tlog
C:\OpenFrameworks\apps\examples\emptyExample\obj\Debug\link.5324.read.1.tlog
C:\OpenFrameworks\apps\examples\emptyExample\obj\Debug\link.5324.write.1.tlog
C:\OpenFrameworks\apps\examples\emptyExample\obj\Debug\link.5324-cvtres.read.1.tlog
C:\OpenFrameworks\apps\examples\emptyExample\obj\Debug\link.5324-cvtres.write.1.tlog
C:\OpenFrameworks\apps\examples\emptyExample\obj\Debug\link.6608.read.1.tlog
C:\OpenFrameworks\apps\examples\emptyExample\obj\Debug\link.6608.write.1.tlog
C:\OpenFrameworks\apps\examples\emptyExample\obj\Debug\link.6608-cvtres.read.1.tlog
C:\OpenFrameworks\apps\examples\emptyExample\obj\Debug\link.6608-cvtres.write.1.tlog
C:\OpenFrameworks\apps\examples\emptyExample\obj\Debug\link.8408.read.1.tlog
C:\OpenFrameworks\apps\examples\emptyExample\obj\Debug\link.8408.write.1.tlog
C:\OpenFrameworks\apps\examples\emptyExample\obj\Debug\link.8408-cvtres.read.1.tlog
C:\OpenFrameworks\apps\examples\emptyExample\obj\Debug\link.8408-cvtres.write.1.tlog
C:\OpenFrameworks\apps\examples\emptyExample\obj\Debug\link.8640.read.1.tlog
C:\OpenFrameworks\apps\examples\emptyExample\obj\Debug\link.8640.write.1.tlog
C:\OpenFrameworks\apps\examples\emptyExample\obj\Debug\link.command.1.tlog
C:\OpenFrameworks\apps\examples\emptyExample\obj\Debug\link.read.1.tlog
C:\OpenFrameworks\apps\examples\emptyExample\obj\Debug\link.write.1.tlog
C:\OPENFRAMEWORKS\APPS\EXAMPLES\EMPTYEXAMPLE\OBJ\DEBUG\MAIN.OBJ
C:\OPENFRAMEWORKS\APPS\EXAMPLES\EMPTYEXAMPLE\OBJ\DEBUG\MEDIAMANAGER.OBJ
C:\OpenFrameworks\apps\examples\emptyExample\obj\Debug\mt.command.1.tlog
C:\OpenFrameworks\apps\examples\emptyExample\obj\Debug\mt.read.1.tlog
C:\OpenFrameworks\apps\examples\emptyExample\obj\Debug\mt.write.1.tlog
C:\OPENFRAMEWORKS\APPS\EXAMPLES\EMPTYEXAMPLE\OBJ\DEBUG\OFXEQ.OBJ
C:\OPENFRAMEWORKS\APPS\EXAMPLES\EMPTYEXAMPLE\OBJ\DEBUG\OFXFFTBASE.OBJ
C:\OPENFRAMEWORKS\APPS\EXAMPLES\EMPTYEXAMPLE\OBJ\DEBUG\OFXFFTFILE.OBJ
C:\OPENFRAMEWORKS\APPS\EXAMPLES\EMPTYEXAMPLE\OBJ\DEBUG\OFXFFTLIVE.OBJ
C:\OPENFRAMEWORKS\APPS\EXAMPLES\EMPTYEXAMPLE\OBJ\DEBUG\OFXPARTICLE.OBJ
C:\OPENFRAMEWORKS\APPS\EXAMPLES\EMPTYEXAMPLE\OBJ\DEBUG\OFXPARTICLESYSTEM.OBJ
C:\OpenFrameworks\apps\examples\emptyExample\obj\Debug\rc.command.1.tlog
C:\OpenFrameworks\apps\examples\emptyExample\obj\Debug\rc.read.1.tlog
C:\OpenFrameworks\apps\examples\emptyExample\obj\Debug\rc.write.1.tlog
C:\OpenFrameworks\apps\examples\emptyExample\obj\Debug\ResolveAssemblyReference.cache
C:\OPENFRAMEWORKS\APPS\EXAMPLES\EMPTYEXAMPLE\OBJ\DEBUG\SOUNDMANAGER.OBJ
C:\OpenFrameworks\apps\examples\emptyExample\obj\Debug\vc100.idb
C:\OPENFRAMEWORKS\APPS\EXAMPLES\EMPTYEXAMPLE\OBJ\DEBUG\VC100.PDB
