bin\emptyExample_debug.ilk
C:\OPENFRAMEWORKS\APPS\EXAMPLES\EMPTYEXAMPLE\BIN\EMPTYEXAMPLE_DEBUG.EXE
C:\OpenFrameworks\apps\examples\emptyExample\bin\emptyExample_debug.exp
C:\OPENFRAMEWORKS\APPS\EXAMPLES\EMPTYEXAMPLE\BIN\EMPTYEXAMPLE_DEBUG.ILK
C:\OpenFrameworks\apps\examples\emptyExample\bin\emptyExample_debug.lib
C:\OPENFRAMEWORKS\APPS\EXAMPLES\EMPTYEXAMPLE\BIN\EMPTYEXAMPLE_DEBUG_DEBUGINFO.PDB
C:\OPENFRAMEWORKS\APPS\EXAMPLES\EMPTYEXAMPLE\OBJ\DEBUG\BEATDETECT.OBJ
C:\OPENFRAMEWORKS\APPS\EXAMPLES\EMPTYEXAMPLE\OBJ\DEBUG\BIOLOGICALVEHICLE.OBJ
C:\OpenFrameworks\apps\examples\emptyExample\obj\Debug\cl.command.1.tlog
C:\OpenFrameworks\apps\examples\emptyExample\obj\Debug\CL.read.1.tlog
C:\OpenFrameworks\apps\examples\emptyExample\obj\Debug\CL.write.1.tlog
C:\OPENFRAMEWORKS\APPS\EXAMPLES\EMPTYEXAMPLE\OBJ\DEBUG\DJCIRCLEBUTTON.OBJ
C:\OPENFRAMEWORKS\APPS\EXAMPLES\EMPTYEXAMPLE\OBJ\DEBUG\DJMUSICPLAYER.OBJ
C:\OPENFRAMEWORKS\APPS\EXAMPLES\EMPTYEXAMPLE\OBJ\DEBUG\DJRECTBUTTON.OBJ
C:\OPENFRAMEWORKS\APPS\EXAMPLES\EMPTYEXAMPLE\OBJ\DEBUG\DJSCRATCHPLAYER.OBJ
C:\OPENFRAMEWORKS\APPS\EXAMPLES\EMPTYEXAMPLE\OBJ\DEBUG\DJSERIAL.OBJ
C:\OPENFRAMEWORKS\APPS\EXAMPLES\EMPTYEXAMPLE\OBJ\DEBUG\DJSLIDERBAR.OBJ
C:\OpenFrameworks\apps\examples\emptyExample\obj\Debug\emptyExample.write.1.tlog
C:\OPENFRAMEWORKS\APPS\EXAMPLES\EMPTYEXAMPLE\OBJ\DEBUG\EMPTYEXAMPLE_DEBUG.EXE.EMBED.MANIFEST
C:\OPENFRAMEWORKS\APPS\EXAMPLES\EMPTYEXAMPLE\OBJ\DEBUG\EMPTYEXAMPLE_DEBUG.EXE.EMBED.MANIFEST.RES
C:\OPENFRAMEWORKS\APPS\EXAMPLES\EMPTYEXAMPLE\OBJ\DEBUG\EMPTYEXAMPLE_DEBUG.EXE.INTERMEDIATE.MANIFEST
C:\OpenFrameworks\apps\examples\emptyExample\obj\Debug\emptyExample_debug_manifest.rc
C:\OPENFRAMEWORKS\APPS\EXAMPLES\EMPTYEXAMPLE\OBJ\DEBUG\FFT.OBJ
C:\OPENFRAMEWORKS\APPS\EXAMPLES\EMPTYEXAMPLE\OBJ\DEBUG\FFTOCTAVEANALYZER.OBJ
C:\OpenFrameworks\apps\examples\emptyExample\obj\Debug\link.1216.read.1.tlog
C:\OpenFrameworks\apps\examples\emptyExample\obj\Debug\link.1216.write.1.tlog
C:\OpenFrameworks\apps\examples\emptyExample\obj\Debug\link.1216-cvtres.read.1.tlog
C:\OpenFrameworks\apps\examples\emptyExample\obj\Debug\link.1216-cvtres.write.1.tlog
C:\OpenFrameworks\apps\examples\emptyExample\obj\Debug\link.1268.read.1.tlog
C:\OpenFrameworks\apps\examples\emptyExample\obj\Debug\link.1268.write.1.tlog
C:\OpenFrameworks\apps\examples\emptyExample\obj\Debug\link.1268-cvtres.read.1.tlog
C:\OpenFrameworks\apps\examples\emptyExample\obj\Debug\link.1268-cvtres.write.1.tlog
C:\OpenFrameworks\apps\examples\emptyExample\obj\Debug\link.1292.read.1.tlog
C:\OpenFrameworks\apps\examples\emptyExample\obj\Debug\link.1292.write.1.tlog
C:\OpenFrameworks\apps\examples\emptyExample\obj\Debug\link.1292-cvtres.read.1.tlog
C:\OpenFrameworks\apps\examples\emptyExample\obj\Debug\link.1292-cvtres.write.1.tlog
C:\OpenFrameworks\apps\examples\emptyExample\obj\Debug\link.1300.read.1.tlog
C:\OpenFrameworks\apps\examples\emptyExample\obj\Debug\link.1300.write.1.tlog
C:\OpenFrameworks\apps\examples\emptyExample\obj\Debug\link.1300-cvtres.read.1.tlog
C:\OpenFrameworks\apps\examples\emptyExample\obj\Debug\link.1300-cvtres.write.1.tlog
C:\OpenFrameworks\apps\examples\emptyExample\obj\Debug\link.1980.read.1.tlog
C:\OpenFrameworks\apps\examples\emptyExample\obj\Debug\link.1980.write.1.tlog
C:\OpenFrameworks\apps\examples\emptyExample\obj\Debug\link.1980-cvtres.read.1.tlog
C:\OpenFrameworks\apps\examples\emptyExample\obj\Debug\link.1980-cvtres.write.1.tlog
C:\OpenFrameworks\apps\examples\emptyExample\obj\Debug\link.2264.read.1.tlog
C:\OpenFrameworks\apps\examples\emptyExample\obj\Debug\link.2264.write.1.tlog
C:\OpenFrameworks\apps\examples\emptyExample\obj\Debug\link.2264-cvtres.read.1.tlog
C:\OpenFrameworks\apps\examples\emptyExample\obj\Debug\link.2264-cvtres.write.1.tlog
C:\OpenFrameworks\apps\examples\emptyExample\obj\Debug\link.2512.read.1.tlog
C:\OpenFrameworks\apps\examples\emptyExample\obj\Debug\link.2512.write.1.tlog
C:\OpenFrameworks\apps\examples\emptyExample\obj\Debug\link.2512-cvtres.read.1.tlog
C:\OpenFrameworks\apps\examples\emptyExample\obj\Debug\link.2512-cvtres.write.1.tlog
C:\OpenFrameworks\apps\examples\emptyExample\obj\Debug\link.2844.read.1.tlog
C:\OpenFrameworks\apps\examples\emptyExample\obj\Debug\link.2844.write.1.tlog
C:\OpenFrameworks\apps\examples\emptyExample\obj\Debug\link.2844-cvtres.read.1.tlog
C:\OpenFrameworks\apps\examples\emptyExample\obj\Debug\link.2844-cvtres.write.1.tlog
C:\OpenFrameworks\apps\examples\emptyExample\obj\Debug\link.2932.read.1.tlog
C:\OpenFrameworks\apps\examples\emptyExample\obj\Debug\link.2932.write.1.tlog
C:\OpenFrameworks\apps\examples\emptyExample\obj\Debug\link.2932-cvtres.read.1.tlog
C:\OpenFrameworks\apps\examples\emptyExample\obj\Debug\link.2932-cvtres.write.1.tlog
C:\OpenFrameworks\apps\examples\emptyExample\obj\Debug\link.3000.read.1.tlog
C:\OpenFrameworks\apps\examples\emptyExample\obj\Debug\link.3000.write.1.tlog
C:\OpenFrameworks\apps\examples\emptyExample\obj\Debug\link.3000-cvtres.read.1.tlog
C:\OpenFrameworks\apps\examples\emptyExample\obj\Debug\link.3000-cvtres.write.1.tlog
C:\OpenFrameworks\apps\examples\emptyExample\obj\Debug\link.3104.read.1.tlog
C:\OpenFrameworks\apps\examples\emptyExample\obj\Debug\link.3104.write.1.tlog
C:\OpenFrameworks\apps\examples\emptyExample\obj\Debug\link.3104-cvtres.read.1.tlog
C:\OpenFrameworks\apps\examples\emptyExample\obj\Debug\link.3104-cvtres.write.1.tlog
C:\OpenFrameworks\apps\examples\emptyExample\obj\Debug\link.3160.read.1.tlog
C:\OpenFrameworks\apps\examples\emptyExample\obj\Debug\link.3160.write.1.tlog
C:\OpenFrameworks\apps\examples\emptyExample\obj\Debug\link.3160-cvtres.read.1.tlog
C:\OpenFrameworks\apps\examples\emptyExample\obj\Debug\link.3160-cvtres.write.1.tlog
C:\OpenFrameworks\apps\examples\emptyExample\obj\Debug\link.3224.read.1.tlog
C:\OpenFrameworks\apps\examples\emptyExample\obj\Debug\link.3224.write.1.tlog
C:\OpenFrameworks\apps\examples\emptyExample\obj\Debug\link.3224-cvtres.read.1.tlog
C:\OpenFrameworks\apps\examples\emptyExample\obj\Debug\link.3224-cvtres.write.1.tlog
C:\OpenFrameworks\apps\examples\emptyExample\obj\Debug\link.3460.read.1.tlog
C:\OpenFrameworks\apps\examples\emptyExample\obj\Debug\link.3460.write.1.tlog
C:\OpenFrameworks\apps\examples\emptyExample\obj\Debug\link.3460-cvtres.read.1.tlog
C:\OpenFrameworks\apps\examples\emptyExample\obj\Debug\link.3460-cvtres.write.1.tlog
C:\OpenFrameworks\apps\examples\emptyExample\obj\Debug\link.3488.read.1.tlog
C:\OpenFrameworks\apps\examples\emptyExample\obj\Debug\link.3488.write.1.tlog
C:\OpenFrameworks\apps\examples\emptyExample\obj\Debug\link.3488-cvtres.read.1.tlog
C:\OpenFrameworks\apps\examples\emptyExample\obj\Debug\link.3488-cvtres.write.1.tlog
C:\OpenFrameworks\apps\examples\emptyExample\obj\Debug\link.3552.read.1.tlog
C:\OpenFrameworks\apps\examples\emptyExample\obj\Debug\link.3552.write.1.tlog
C:\OpenFrameworks\apps\examples\emptyExample\obj\Debug\link.3552-cvtres.read.1.tlog
C:\OpenFrameworks\apps\examples\emptyExample\obj\Debug\link.3552-cvtres.write.1.tlog
C:\OpenFrameworks\apps\examples\emptyExample\obj\Debug\link.3668.read.1.tlog
C:\OpenFrameworks\apps\examples\emptyExample\obj\Debug\link.3668.write.1.tlog
C:\OpenFrameworks\apps\examples\emptyExample\obj\Debug\link.3668-cvtres.read.1.tlog
C:\OpenFrameworks\apps\examples\emptyExample\obj\Debug\link.3668-cvtres.write.1.tlog
C:\OpenFrameworks\apps\examples\emptyExample\obj\Debug\link.3700.read.1.tlog
C:\OpenFrameworks\apps\examples\emptyExample\obj\Debug\link.3700.write.1.tlog
C:\OpenFrameworks\apps\examples\emptyExample\obj\Debug\link.3700-cvtres.read.1.tlog
C:\OpenFrameworks\apps\examples\emptyExample\obj\Debug\link.3700-cvtres.write.1.tlog
C:\OpenFrameworks\apps\examples\emptyExample\obj\Debug\link.3748.read.1.tlog
C:\OpenFrameworks\apps\examples\emptyExample\obj\Debug\link.3748.write.1.tlog
C:\OpenFrameworks\apps\examples\emptyExample\obj\Debug\link.3748-cvtres.read.1.tlog
C:\OpenFrameworks\apps\examples\emptyExample\obj\Debug\link.3748-cvtres.write.1.tlog
C:\OpenFrameworks\apps\examples\emptyExample\obj\Debug\link.3792.read.1.tlog
C:\OpenFrameworks\apps\examples\emptyExample\obj\Debug\link.3792.write.1.tlog
C:\OpenFrameworks\apps\examples\emptyExample\obj\Debug\link.3792-cvtres.read.1.tlog
C:\OpenFrameworks\apps\examples\emptyExample\obj\Debug\link.3792-cvtres.write.1.tlog
C:\OpenFrameworks\apps\examples\emptyExample\obj\Debug\link.3824.read.1.tlog
C:\OpenFrameworks\apps\examples\emptyExample\obj\Debug\link.3824.write.1.tlog
C:\OpenFrameworks\apps\examples\emptyExample\obj\Debug\link.3824-cvtres.read.1.tlog
C:\OpenFrameworks\apps\examples\emptyExample\obj\Debug\link.3824-cvtres.write.1.tlog
C:\OpenFrameworks\apps\examples\emptyExample\obj\Debug\link.3832.read.1.tlog
C:\OpenFrameworks\apps\examples\emptyExample\obj\Debug\link.3832.write.1.tlog
C:\OpenFrameworks\apps\examples\emptyExample\obj\Debug\link.3832-cvtres.read.1.tlog
C:\OpenFrameworks\apps\examples\emptyExample\obj\Debug\link.3832-cvtres.write.1.tlog
C:\OpenFrameworks\apps\examples\emptyExample\obj\Debug\link.3960.read.1.tlog
C:\OpenFrameworks\apps\examples\emptyExample\obj\Debug\link.3960.write.1.tlog
C:\OpenFrameworks\apps\examples\emptyExample\obj\Debug\link.3960-cvtres.read.1.tlog
C:\OpenFrameworks\apps\examples\emptyExample\obj\Debug\link.3960-cvtres.write.1.tlog
C:\OpenFrameworks\apps\examples\emptyExample\obj\Debug\link.3980.7300.read.1.tlog
C:\OpenFrameworks\apps\examples\emptyExample\obj\Debug\link.3980.7300.write.1.tlog
C:\OpenFrameworks\apps\examples\emptyExample\obj\Debug\link.3980.7300-cvtres.read.1.tlog
C:\OpenFrameworks\apps\examples\emptyExample\obj\Debug\link.3980.7300-cvtres.write.1.tlog
C:\OpenFrameworks\apps\examples\emptyExample\obj\Debug\link.3980.read.1.tlog
C:\OpenFrameworks\apps\examples\emptyExample\obj\Debug\link.3980.write.1.tlog
C:\OpenFrameworks\apps\examples\emptyExample\obj\Debug\link.4064.read.1.tlog
C:\OpenFrameworks\apps\examples\emptyExample\obj\Debug\link.4064.write.1.tlog
C:\OpenFrameworks\apps\examples\emptyExample\obj\Debug\link.4064-cvtres.read.1.tlog
C:\OpenFrameworks\apps\examples\emptyExample\obj\Debug\link.4064-cvtres.write.1.tlog
C:\OpenFrameworks\apps\examples\emptyExample\obj\Debug\link.4124.read.1.tlog
C:\OpenFrameworks\apps\examples\emptyExample\obj\Debug\link.4124.write.1.tlog
C:\OpenFrameworks\apps\examples\emptyExample\obj\Debug\link.4124-cvtres.read.1.tlog
C:\OpenFrameworks\apps\examples\emptyExample\obj\Debug\link.4124-cvtres.write.1.tlog
C:\OpenFrameworks\apps\examples\emptyExample\obj\Debug\link.4212.read.1.tlog
C:\OpenFrameworks\apps\examples\emptyExample\obj\Debug\link.4212.write.1.tlog
C:\OpenFrameworks\apps\examples\emptyExample\obj\Debug\link.4212-cvtres.read.1.tlog
C:\OpenFrameworks\apps\examples\emptyExample\obj\Debug\link.4212-cvtres.write.1.tlog
C:\OpenFrameworks\apps\examples\emptyExample\obj\Debug\link.4416.read.1.tlog
C:\OpenFrameworks\apps\examples\emptyExample\obj\Debug\link.4416.write.1.tlog
C:\OpenFrameworks\apps\examples\emptyExample\obj\Debug\link.4416-cvtres.read.1.tlog
C:\OpenFrameworks\apps\examples\emptyExample\obj\Debug\link.4416-cvtres.write.1.tlog
C:\OpenFrameworks\apps\examples\emptyExample\obj\Debug\link.4500.read.1.tlog
C:\OpenFrameworks\apps\examples\emptyExample\obj\Debug\link.4500.write.1.tlog
C:\OpenFrameworks\apps\examples\emptyExample\obj\Debug\link.4500-cvtres.read.1.tlog
C:\OpenFrameworks\apps\examples\emptyExample\obj\Debug\link.4500-cvtres.write.1.tlog
C:\OpenFrameworks\apps\examples\emptyExample\obj\Debug\link.4524.read.1.tlog
C:\OpenFrameworks\apps\examples\emptyExample\obj\Debug\link.4524.write.1.tlog
C:\OpenFrameworks\apps\examples\emptyExample\obj\Debug\link.4524-cvtres.read.1.tlog
C:\OpenFrameworks\apps\examples\emptyExample\obj\Debug\link.4524-cvtres.write.1.tlog
C:\OpenFrameworks\apps\examples\emptyExample\obj\Debug\link.4660.read.1.tlog
C:\OpenFrameworks\apps\examples\emptyExample\obj\Debug\link.4660.write.1.tlog
C:\OpenFrameworks\apps\examples\emptyExample\obj\Debug\link.4660-cvtres.read.1.tlog
C:\OpenFrameworks\apps\examples\emptyExample\obj\Debug\link.4660-cvtres.write.1.tlog
C:\OpenFrameworks\apps\examples\emptyExample\obj\Debug\link.4792.read.1.tlog
C:\OpenFrameworks\apps\examples\emptyExample\obj\Debug\link.4792.write.1.tlog
C:\OpenFrameworks\apps\examples\emptyExample\obj\Debug\link.4792-cvtres.read.1.tlog
C:\OpenFrameworks\apps\examples\emptyExample\obj\Debug\link.4792-cvtres.write.1.tlog
C:\OpenFrameworks\apps\examples\emptyExample\obj\Debug\link.4924.read.1.tlog
C:\OpenFrameworks\apps\examples\emptyExample\obj\Debug\link.4924.write.1.tlog
C:\OpenFrameworks\apps\examples\emptyExample\obj\Debug\link.4924-cvtres.read.1.tlog
C:\OpenFrameworks\apps\examples\emptyExample\obj\Debug\link.4924-cvtres.write.1.tlog
C:\OpenFrameworks\apps\examples\emptyExample\obj\Debug\link.5092.read.1.tlog
C:\OpenFrameworks\apps\examples\emptyExample\obj\Debug\link.5092.write.1.tlog
C:\OpenFrameworks\apps\examples\emptyExample\obj\Debug\link.5092-cvtres.read.1.tlog
C:\OpenFrameworks\apps\examples\emptyExample\obj\Debug\link.5092-cvtres.write.1.tlog
C:\OpenFrameworks\apps\examples\emptyExample\obj\Debug\link.5112.read.1.tlog
C:\OpenFrameworks\apps\examples\emptyExample\obj\Debug\link.5112.write.1.tlog
C:\OpenFrameworks\apps\examples\emptyExample\obj\Debug\link.5112-cvtres.read.1.tlog
C:\OpenFrameworks\apps\examples\emptyExample\obj\Debug\link.5112-cvtres.write.1.tlog
C:\OpenFrameworks\apps\examples\emptyExample\obj\Debug\link.5312.read.1.tlog
C:\OpenFrameworks\apps\examples\emptyExample\obj\Debug\link.5312.write.1.tlog
C:\OpenFrameworks\apps\examples\emptyExample\obj\Debug\link.5312-cvtres.read.1.tlog
C:\OpenFrameworks\apps\examples\emptyExample\obj\Debug\link.5312-cvtres.write.1.tlog
C:\OpenFrameworks\apps\examples\emptyExample\obj\Debug\link.5536.read.1.tlog
C:\OpenFrameworks\apps\examples\emptyExample\obj\Debug\link.5536.write.1.tlog
C:\OpenFrameworks\apps\examples\emptyExample\obj\Debug\link.5536-cvtres.read.1.tlog
C:\OpenFrameworks\apps\examples\emptyExample\obj\Debug\link.5536-cvtres.write.1.tlog
C:\OpenFrameworks\apps\examples\emptyExample\obj\Debug\link.5548.read.1.tlog
C:\OpenFrameworks\apps\examples\emptyExample\obj\Debug\link.5548.write.1.tlog
C:\OpenFrameworks\apps\examples\emptyExample\obj\Debug\link.5548-cvtres.read.1.tlog
C:\OpenFrameworks\apps\examples\emptyExample\obj\Debug\link.5548-cvtres.write.1.tlog
C:\OpenFrameworks\apps\examples\emptyExample\obj\Debug\link.5740.read.1.tlog
C:\OpenFrameworks\apps\examples\emptyExample\obj\Debug\link.5740.write.1.tlog
C:\OpenFrameworks\apps\examples\emptyExample\obj\Debug\link.5740-cvtres.read.1.tlog
C:\OpenFrameworks\apps\examples\emptyExample\obj\Debug\link.5740-cvtres.write.1.tlog
C:\OpenFrameworks\apps\examples\emptyExample\obj\Debug\link.5884.read.1.tlog
C:\OpenFrameworks\apps\examples\emptyExample\obj\Debug\link.5884.write.1.tlog
C:\OpenFrameworks\apps\examples\emptyExample\obj\Debug\link.5884-cvtres.read.1.tlog
C:\OpenFrameworks\apps\examples\emptyExample\obj\Debug\link.5884-cvtres.write.1.tlog
C:\OpenFrameworks\apps\examples\emptyExample\obj\Debug\link.6064.read.1.tlog
C:\OpenFrameworks\apps\examples\emptyExample\obj\Debug\link.6064.write.1.tlog
C:\OpenFrameworks\apps\examples\emptyExample\obj\Debug\link.6064-cvtres.read.1.tlog
C:\OpenFrameworks\apps\examples\emptyExample\obj\Debug\link.6064-cvtres.write.1.tlog
C:\OpenFrameworks\apps\examples\emptyExample\obj\Debug\link.6188.read.1.tlog
C:\OpenFrameworks\apps\examples\emptyExample\obj\Debug\link.6188.write.1.tlog
C:\OpenFrameworks\apps\examples\emptyExample\obj\Debug\link.6188-cvtres.read.1.tlog
C:\OpenFrameworks\apps\examples\emptyExample\obj\Debug\link.6188-cvtres.write.1.tlog
C:\OpenFrameworks\apps\examples\emptyExample\obj\Debug\link.6212.read.1.tlog
C:\OpenFrameworks\apps\examples\emptyExample\obj\Debug\link.6212.write.1.tlog
C:\OpenFrameworks\apps\examples\emptyExample\obj\Debug\link.6212-cvtres.read.1.tlog
C:\OpenFrameworks\apps\examples\emptyExample\obj\Debug\link.6212-cvtres.write.1.tlog
C:\OpenFrameworks\apps\examples\emptyExample\obj\Debug\link.6272.read.1.tlog
C:\OpenFrameworks\apps\examples\emptyExample\obj\Debug\link.6272.write.1.tlog
C:\OpenFrameworks\apps\examples\emptyExample\obj\Debug\link.6272-cvtres.read.1.tlog
C:\OpenFrameworks\apps\examples\emptyExample\obj\Debug\link.6272-cvtres.write.1.tlog
C:\OpenFrameworks\apps\examples\emptyExample\obj\Debug\link.6280.read.1.tlog
C:\OpenFrameworks\apps\examples\emptyExample\obj\Debug\link.6280.write.1.tlog
C:\OpenFrameworks\apps\examples\emptyExample\obj\Debug\link.6280-cvtres.read.1.tlog
C:\OpenFrameworks\apps\examples\emptyExample\obj\Debug\link.6280-cvtres.write.1.tlog
C:\OpenFrameworks\apps\examples\emptyExample\obj\Debug\link.6348.read.1.tlog
C:\OpenFrameworks\apps\examples\emptyExample\obj\Debug\link.6348.write.1.tlog
C:\OpenFrameworks\apps\examples\emptyExample\obj\Debug\link.6348-cvtres.read.1.tlog
C:\OpenFrameworks\apps\examples\emptyExample\obj\Debug\link.6348-cvtres.write.1.tlog
C:\OpenFrameworks\apps\examples\emptyExample\obj\Debug\link.6376.read.1.tlog
C:\OpenFrameworks\apps\examples\emptyExample\obj\Debug\link.6376.write.1.tlog
C:\OpenFrameworks\apps\examples\emptyExample\obj\Debug\link.6376-cvtres.read.1.tlog
C:\OpenFrameworks\apps\examples\emptyExample\obj\Debug\link.6376-cvtres.write.1.tlog
C:\OpenFrameworks\apps\examples\emptyExample\obj\Debug\link.6440.read.1.tlog
C:\OpenFrameworks\apps\examples\emptyExample\obj\Debug\link.6440.write.1.tlog
C:\OpenFrameworks\apps\examples\emptyExample\obj\Debug\link.6440-cvtres.read.1.tlog
C:\OpenFrameworks\apps\examples\emptyExample\obj\Debug\link.6440-cvtres.write.1.tlog
C:\OpenFrameworks\apps\examples\emptyExample\obj\Debug\link.6536.read.1.tlog
C:\OpenFrameworks\apps\examples\emptyExample\obj\Debug\link.6536.write.1.tlog
C:\OpenFrameworks\apps\examples\emptyExample\obj\Debug\link.6536-cvtres.read.1.tlog
C:\OpenFrameworks\apps\examples\emptyExample\obj\Debug\link.6536-cvtres.write.1.tlog
C:\OpenFrameworks\apps\examples\emptyExample\obj\Debug\link.6548.read.1.tlog
C:\OpenFrameworks\apps\examples\emptyExample\obj\Debug\link.6548.write.1.tlog
C:\OpenFrameworks\apps\examples\emptyExample\obj\Debug\link.6548-cvtres.read.1.tlog
C:\OpenFrameworks\apps\examples\emptyExample\obj\Debug\link.6548-cvtres.write.1.tlog
C:\OpenFrameworks\apps\examples\emptyExample\obj\Debug\link.6556.read.1.tlog
C:\OpenFrameworks\apps\examples\emptyExample\obj\Debug\link.6556.write.1.tlog
C:\OpenFrameworks\apps\examples\emptyExample\obj\Debug\link.6556-cvtres.read.1.tlog
C:\OpenFrameworks\apps\examples\emptyExample\obj\Debug\link.6556-cvtres.write.1.tlog
C:\OpenFrameworks\apps\examples\emptyExample\obj\Debug\link.6612.read.1.tlog
C:\OpenFrameworks\apps\examples\emptyExample\obj\Debug\link.6612.write.1.tlog
C:\OpenFrameworks\apps\examples\emptyExample\obj\Debug\link.6612-cvtres.read.1.tlog
C:\OpenFrameworks\apps\examples\emptyExample\obj\Debug\link.6612-cvtres.write.1.tlog
C:\OpenFrameworks\apps\examples\emptyExample\obj\Debug\link.6624.read.1.tlog
C:\OpenFrameworks\apps\examples\emptyExample\obj\Debug\link.6624.write.1.tlog
C:\OpenFrameworks\apps\examples\emptyExample\obj\Debug\link.6624-cvtres.read.1.tlog
C:\OpenFrameworks\apps\examples\emptyExample\obj\Debug\link.6624-cvtres.write.1.tlog
C:\OpenFrameworks\apps\examples\emptyExample\obj\Debug\link.6652.read.1.tlog
C:\OpenFrameworks\apps\examples\emptyExample\obj\Debug\link.6652.write.1.tlog
C:\OpenFrameworks\apps\examples\emptyExample\obj\Debug\link.6652-cvtres.read.1.tlog
C:\OpenFrameworks\apps\examples\emptyExample\obj\Debug\link.6652-cvtres.write.1.tlog
C:\OpenFrameworks\apps\examples\emptyExample\obj\Debug\link.6692.read.1.tlog
C:\OpenFrameworks\apps\examples\emptyExample\obj\Debug\link.6692.write.1.tlog
C:\OpenFrameworks\apps\examples\emptyExample\obj\Debug\link.6692-cvtres.read.1.tlog
C:\OpenFrameworks\apps\examples\emptyExample\obj\Debug\link.6692-cvtres.write.1.tlog
C:\OpenFrameworks\apps\examples\emptyExample\obj\Debug\link.6712.read.1.tlog
C:\OpenFrameworks\apps\examples\emptyExample\obj\Debug\link.6712.write.1.tlog
C:\OpenFrameworks\apps\examples\emptyExample\obj\Debug\link.6712-cvtres.read.1.tlog
C:\OpenFrameworks\apps\examples\emptyExample\obj\Debug\link.6712-cvtres.write.1.tlog
C:\OpenFrameworks\apps\examples\emptyExample\obj\Debug\link.6744.read.1.tlog
C:\OpenFrameworks\apps\examples\emptyExample\obj\Debug\link.6744.write.1.tlog
C:\OpenFrameworks\apps\examples\emptyExample\obj\Debug\link.6744-cvtres.read.1.tlog
C:\OpenFrameworks\apps\examples\emptyExample\obj\Debug\link.6744-cvtres.write.1.tlog
C:\OpenFrameworks\apps\examples\emptyExample\obj\Debug\link.6772.read.1.tlog
C:\OpenFrameworks\apps\examples\emptyExample\obj\Debug\link.6772.write.1.tlog
C:\OpenFrameworks\apps\examples\emptyExample\obj\Debug\link.6772-cvtres.read.1.tlog
C:\OpenFrameworks\apps\examples\emptyExample\obj\Debug\link.6772-cvtres.write.1.tlog
C:\OpenFrameworks\apps\examples\emptyExample\obj\Debug\link.6780.read.1.tlog
C:\OpenFrameworks\apps\examples\emptyExample\obj\Debug\link.6780.write.1.tlog
C:\OpenFrameworks\apps\examples\emptyExample\obj\Debug\link.6780-cvtres.read.1.tlog
C:\OpenFrameworks\apps\examples\emptyExample\obj\Debug\link.6780-cvtres.write.1.tlog
C:\OpenFrameworks\apps\examples\emptyExample\obj\Debug\link.6792.read.1.tlog
C:\OpenFrameworks\apps\examples\emptyExample\obj\Debug\link.6792.write.1.tlog
C:\OpenFrameworks\apps\examples\emptyExample\obj\Debug\link.6792-cvtres.read.1.tlog
C:\OpenFrameworks\apps\examples\emptyExample\obj\Debug\link.6792-cvtres.write.1.tlog
C:\OpenFrameworks\apps\examples\emptyExample\obj\Debug\link.6808.read.1.tlog
C:\OpenFrameworks\apps\examples\emptyExample\obj\Debug\link.6808.write.1.tlog
C:\OpenFrameworks\apps\examples\emptyExample\obj\Debug\link.6808-cvtres.read.1.tlog
C:\OpenFrameworks\apps\examples\emptyExample\obj\Debug\link.6808-cvtres.write.1.tlog
C:\OpenFrameworks\apps\examples\emptyExample\obj\Debug\link.6896.read.1.tlog
C:\OpenFrameworks\apps\examples\emptyExample\obj\Debug\link.6896.write.1.tlog
C:\OpenFrameworks\apps\examples\emptyExample\obj\Debug\link.6896-cvtres.read.1.tlog
C:\OpenFrameworks\apps\examples\emptyExample\obj\Debug\link.6896-cvtres.write.1.tlog
C:\OpenFrameworks\apps\examples\emptyExample\obj\Debug\link.6904.read.1.tlog
C:\OpenFrameworks\apps\examples\emptyExample\obj\Debug\link.6904.write.1.tlog
C:\OpenFrameworks\apps\examples\emptyExample\obj\Debug\link.6904-cvtres.read.1.tlog
C:\OpenFrameworks\apps\examples\emptyExample\obj\Debug\link.6904-cvtres.write.1.tlog
C:\OpenFrameworks\apps\examples\emptyExample\obj\Debug\link.6912.read.1.tlog
C:\OpenFrameworks\apps\examples\emptyExample\obj\Debug\link.6912.write.1.tlog
C:\OpenFrameworks\apps\examples\emptyExample\obj\Debug\link.6912-cvtres.read.1.tlog
C:\OpenFrameworks\apps\examples\emptyExample\obj\Debug\link.6912-cvtres.write.1.tlog
C:\OpenFrameworks\apps\examples\emptyExample\obj\Debug\link.6916.read.1.tlog
C:\OpenFrameworks\apps\examples\emptyExample\obj\Debug\link.6916.write.1.tlog
C:\OpenFrameworks\apps\examples\emptyExample\obj\Debug\link.6916-cvtres.read.1.tlog
C:\OpenFrameworks\apps\examples\emptyExample\obj\Debug\link.6916-cvtres.write.1.tlog
C:\OpenFrameworks\apps\examples\emptyExample\obj\Debug\link.6940.read.1.tlog
C:\OpenFrameworks\apps\examples\emptyExample\obj\Debug\link.6940.write.1.tlog
C:\OpenFrameworks\apps\examples\emptyExample\obj\Debug\link.6940-cvtres.read.1.tlog
C:\OpenFrameworks\apps\examples\emptyExample\obj\Debug\link.6940-cvtres.write.1.tlog
C:\OpenFrameworks\apps\examples\emptyExample\obj\Debug\link.6988.read.1.tlog
C:\OpenFrameworks\apps\examples\emptyExample\obj\Debug\link.6988.write.1.tlog
C:\OpenFrameworks\apps\examples\emptyExample\obj\Debug\link.6988-cvtres.read.1.tlog
C:\OpenFrameworks\apps\examples\emptyExample\obj\Debug\link.6988-cvtres.write.1.tlog
C:\OpenFrameworks\apps\examples\emptyExample\obj\Debug\link.6992.read.1.tlog
C:\OpenFrameworks\apps\examples\emptyExample\obj\Debug\link.6992.write.1.tlog
C:\OpenFrameworks\apps\examples\emptyExample\obj\Debug\link.6992-cvtres.read.1.tlog
C:\OpenFrameworks\apps\examples\emptyExample\obj\Debug\link.6992-cvtres.write.1.tlog
C:\OpenFrameworks\apps\examples\emptyExample\obj\Debug\link.7000.read.1.tlog
C:\OpenFrameworks\apps\examples\emptyExample\obj\Debug\link.7000.write.1.tlog
C:\OpenFrameworks\apps\examples\emptyExample\obj\Debug\link.7000-cvtres.read.1.tlog
C:\OpenFrameworks\apps\examples\emptyExample\obj\Debug\link.7000-cvtres.write.1.tlog
C:\OpenFrameworks\apps\examples\emptyExample\obj\Debug\link.7036.read.1.tlog
C:\OpenFrameworks\apps\examples\emptyExample\obj\Debug\link.7036.write.1.tlog
C:\OpenFrameworks\apps\examples\emptyExample\obj\Debug\link.7036-cvtres.read.1.tlog
C:\OpenFrameworks\apps\examples\emptyExample\obj\Debug\link.7036-cvtres.write.1.tlog
C:\OpenFrameworks\apps\examples\emptyExample\obj\Debug\link.7056.read.1.tlog
C:\OpenFrameworks\apps\examples\emptyExample\obj\Debug\link.7056.write.1.tlog
C:\OpenFrameworks\apps\examples\emptyExample\obj\Debug\link.7056-cvtres.read.1.tlog
C:\OpenFrameworks\apps\examples\emptyExample\obj\Debug\link.7056-cvtres.write.1.tlog
C:\OpenFrameworks\apps\examples\emptyExample\obj\Debug\link.7096.read.1.tlog
C:\OpenFrameworks\apps\examples\emptyExample\obj\Debug\link.7096.write.1.tlog
C:\OpenFrameworks\apps\examples\emptyExample\obj\Debug\link.7096-cvtres.read.1.tlog
C:\OpenFrameworks\apps\examples\emptyExample\obj\Debug\link.7096-cvtres.write.1.tlog
C:\OpenFrameworks\apps\examples\emptyExample\obj\Debug\link.7108.read.1.tlog
C:\OpenFrameworks\apps\examples\emptyExample\obj\Debug\link.7108.write.1.tlog
C:\OpenFrameworks\apps\examples\emptyExample\obj\Debug\link.7108-cvtres.read.1.tlog
C:\OpenFrameworks\apps\examples\emptyExample\obj\Debug\link.7108-cvtres.write.1.tlog
C:\OpenFrameworks\apps\examples\emptyExample\obj\Debug\link.7144.read.1.tlog
C:\OpenFrameworks\apps\examples\emptyExample\obj\Debug\link.7144.write.1.tlog
C:\OpenFrameworks\apps\examples\emptyExample\obj\Debug\link.7144-cvtres.read.1.tlog
C:\OpenFrameworks\apps\examples\emptyExample\obj\Debug\link.7144-cvtres.write.1.tlog
C:\OpenFrameworks\apps\examples\emptyExample\obj\Debug\link.7160.read.1.tlog
C:\OpenFrameworks\apps\examples\emptyExample\obj\Debug\link.7160.write.1.tlog
C:\OpenFrameworks\apps\examples\emptyExample\obj\Debug\link.7160-cvtres.read.1.tlog
C:\OpenFrameworks\apps\examples\emptyExample\obj\Debug\link.7160-cvtres.write.1.tlog
C:\OpenFrameworks\apps\examples\emptyExample\obj\Debug\link.7192.read.1.tlog
C:\OpenFrameworks\apps\examples\emptyExample\obj\Debug\link.7192.write.1.tlog
C:\OpenFrameworks\apps\examples\emptyExample\obj\Debug\link.7192-cvtres.read.1.tlog
C:\OpenFrameworks\apps\examples\emptyExample\obj\Debug\link.7192-cvtres.write.1.tlog
C:\OpenFrameworks\apps\examples\emptyExample\obj\Debug\link.7416.read.1.tlog
C:\OpenFrameworks\apps\examples\emptyExample\obj\Debug\link.7416.write.1.tlog
C:\OpenFrameworks\apps\examples\emptyExample\obj\Debug\link.7416-cvtres.read.1.tlog
C:\OpenFrameworks\apps\examples\emptyExample\obj\Debug\link.7416-cvtres.write.1.tlog
C:\OpenFrameworks\apps\examples\emptyExample\obj\Debug\link.7440.read.1.tlog
C:\OpenFrameworks\apps\examples\emptyExample\obj\Debug\link.7440.write.1.tlog
C:\OpenFrameworks\apps\examples\emptyExample\obj\Debug\link.7440-cvtres.read.1.tlog
C:\OpenFrameworks\apps\examples\emptyExample\obj\Debug\link.7440-cvtres.write.1.tlog
C:\OpenFrameworks\apps\examples\emptyExample\obj\Debug\link.7492.read.1.tlog
C:\OpenFrameworks\apps\examples\emptyExample\obj\Debug\link.7492.write.1.tlog
C:\OpenFrameworks\apps\examples\emptyExample\obj\Debug\link.7492-cvtres.read.1.tlog
C:\OpenFrameworks\apps\examples\emptyExample\obj\Debug\link.7492-cvtres.write.1.tlog
C:\OpenFrameworks\apps\examples\emptyExample\obj\Debug\link.7496.read.1.tlog
C:\OpenFrameworks\apps\examples\emptyExample\obj\Debug\link.7496.write.1.tlog
C:\OpenFrameworks\apps\examples\emptyExample\obj\Debug\link.7496-cvtres.read.1.tlog
C:\OpenFrameworks\apps\examples\emptyExample\obj\Debug\link.7496-cvtres.write.1.tlog
C:\OpenFrameworks\apps\examples\emptyExample\obj\Debug\link.7620.read.1.tlog
C:\OpenFrameworks\apps\examples\emptyExample\obj\Debug\link.7620.write.1.tlog
C:\OpenFrameworks\apps\examples\emptyExample\obj\Debug\link.7620-cvtres.read.1.tlog
C:\OpenFrameworks\apps\examples\emptyExample\obj\Debug\link.7620-cvtres.write.1.tlog
C:\OpenFrameworks\apps\examples\emptyExample\obj\Debug\link.7728.read.1.tlog
C:\OpenFrameworks\apps\examples\emptyExample\obj\Debug\link.7728.write.1.tlog
C:\OpenFrameworks\apps\examples\emptyExample\obj\Debug\link.7728-cvtres.read.1.tlog
C:\OpenFrameworks\apps\examples\emptyExample\obj\Debug\link.7728-cvtres.write.1.tlog
C:\OpenFrameworks\apps\examples\emptyExample\obj\Debug\link.7828.read.1.tlog
C:\OpenFrameworks\apps\examples\emptyExample\obj\Debug\link.7828.write.1.tlog
C:\OpenFrameworks\apps\examples\emptyExample\obj\Debug\link.7828-cvtres.read.1.tlog
C:\OpenFrameworks\apps\examples\emptyExample\obj\Debug\link.7828-cvtres.write.1.tlog
C:\OpenFrameworks\apps\examples\emptyExample\obj\Debug\link.7928.read.1.tlog
C:\OpenFrameworks\apps\examples\emptyExample\obj\Debug\link.7928.write.1.tlog
C:\OpenFrameworks\apps\examples\emptyExample\obj\Debug\link.7928-cvtres.read.1.tlog
C:\OpenFrameworks\apps\examples\emptyExample\obj\Debug\link.7928-cvtres.write.1.tlog
C:\OpenFrameworks\apps\examples\emptyExample\obj\Debug\link.7940.read.1.tlog
C:\OpenFrameworks\apps\examples\emptyExample\obj\Debug\link.7940.write.1.tlog
C:\OpenFrameworks\apps\examples\emptyExample\obj\Debug\link.7940-cvtres.read.1.tlog
C:\OpenFrameworks\apps\examples\emptyExample\obj\Debug\link.7940-cvtres.write.1.tlog
C:\OpenFrameworks\apps\examples\emptyExample\obj\Debug\link.7948.read.1.tlog
C:\OpenFrameworks\apps\examples\emptyExample\obj\Debug\link.7948.write.1.tlog
C:\OpenFrameworks\apps\examples\emptyExample\obj\Debug\link.7948-cvtres.read.1.tlog
C:\OpenFrameworks\apps\examples\emptyExample\obj\Debug\link.7948-cvtres.write.1.tlog
C:\OpenFrameworks\apps\examples\emptyExample\obj\Debug\link.7988.read.1.tlog
C:\OpenFrameworks\apps\examples\emptyExample\obj\Debug\link.7988.write.1.tlog
C:\OpenFrameworks\apps\examples\emptyExample\obj\Debug\link.7988-cvtres.read.1.tlog
C:\OpenFrameworks\apps\examples\emptyExample\obj\Debug\link.7988-cvtres.write.1.tlog
C:\OpenFrameworks\apps\examples\emptyExample\obj\Debug\link.8024.read.1.tlog
C:\OpenFrameworks\apps\examples\emptyExample\obj\Debug\link.8024.write.1.tlog
C:\OpenFrameworks\apps\examples\emptyExample\obj\Debug\link.8024-cvtres.read.1.tlog
C:\OpenFrameworks\apps\examples\emptyExample\obj\Debug\link.8024-cvtres.write.1.tlog
C:\OpenFrameworks\apps\examples\emptyExample\obj\Debug\link.8028.read.1.tlog
C:\OpenFrameworks\apps\examples\emptyExample\obj\Debug\link.8028.write.1.tlog
C:\OpenFrameworks\apps\examples\emptyExample\obj\Debug\link.8028-cvtres.read.1.tlog
C:\OpenFrameworks\apps\examples\emptyExample\obj\Debug\link.8028-cvtres.write.1.tlog
C:\OpenFrameworks\apps\examples\emptyExample\obj\Debug\link.8076.read.1.tlog
C:\OpenFrameworks\apps\examples\emptyExample\obj\Debug\link.8076.write.1.tlog
C:\OpenFrameworks\apps\examples\emptyExample\obj\Debug\link.8076-cvtres.read.1.tlog
C:\OpenFrameworks\apps\examples\emptyExample\obj\Debug\link.8076-cvtres.write.1.tlog
C:\OpenFrameworks\apps\examples\emptyExample\obj\Debug\link.8084.read.1.tlog
C:\OpenFrameworks\apps\examples\emptyExample\obj\Debug\link.8084.write.1.tlog
C:\OpenFrameworks\apps\examples\emptyExample\obj\Debug\link.8084-cvtres.read.1.tlog
C:\OpenFrameworks\apps\examples\emptyExample\obj\Debug\link.8084-cvtres.write.1.tlog
C:\OpenFrameworks\apps\examples\emptyExample\obj\Debug\link.8120.read.1.tlog
C:\OpenFrameworks\apps\examples\emptyExample\obj\Debug\link.8120.write.1.tlog
C:\OpenFrameworks\apps\examples\emptyExample\obj\Debug\link.8120-cvtres.read.1.tlog
C:\OpenFrameworks\apps\examples\emptyExample\obj\Debug\link.8120-cvtres.write.1.tlog
C:\OpenFrameworks\apps\examples\emptyExample\obj\Debug\link.8148.read.1.tlog
C:\OpenFrameworks\apps\examples\emptyExample\obj\Debug\link.8148.write.1.tlog
C:\OpenFrameworks\apps\examples\emptyExample\obj\Debug\link.8148-cvtres.read.1.tlog
C:\OpenFrameworks\apps\examples\emptyExample\obj\Debug\link.8148-cvtres.write.1.tlog
C:\OpenFrameworks\apps\examples\emptyExample\obj\Debug\link.8172.read.1.tlog
C:\OpenFrameworks\apps\examples\emptyExample\obj\Debug\link.8172.write.1.tlog
C:\OpenFrameworks\apps\examples\emptyExample\obj\Debug\link.8172-cvtres.read.1.tlog
C:\OpenFrameworks\apps\examples\emptyExample\obj\Debug\link.8172-cvtres.write.1.tlog
C:\OpenFrameworks\apps\examples\emptyExample\obj\Debug\link.8268.read.1.tlog
C:\OpenFrameworks\apps\examples\emptyExample\obj\Debug\link.8268.write.1.tlog
C:\OpenFrameworks\apps\examples\emptyExample\obj\Debug\link.8268-cvtres.read.1.tlog
C:\OpenFrameworks\apps\examples\emptyExample\obj\Debug\link.8268-cvtres.write.1.tlog
C:\OpenFrameworks\apps\examples\emptyExample\obj\Debug\link.8280.read.1.tlog
C:\OpenFrameworks\apps\examples\emptyExample\obj\Debug\link.8280.write.1.tlog
C:\OpenFrameworks\apps\examples\emptyExample\obj\Debug\link.8280-cvtres.read.1.tlog
C:\OpenFrameworks\apps\examples\emptyExample\obj\Debug\link.8280-cvtres.write.1.tlog
C:\OpenFrameworks\apps\examples\emptyExample\obj\Debug\link.8332.read.1.tlog
C:\OpenFrameworks\apps\examples\emptyExample\obj\Debug\link.8332.write.1.tlog
C:\OpenFrameworks\apps\examples\emptyExample\obj\Debug\link.8332-cvtres.read.1.tlog
C:\OpenFrameworks\apps\examples\emptyExample\obj\Debug\link.8332-cvtres.write.1.tlog
C:\OpenFrameworks\apps\examples\emptyExample\obj\Debug\link.8396.read.1.tlog
C:\OpenFrameworks\apps\examples\emptyExample\obj\Debug\link.8396.write.1.tlog
C:\OpenFrameworks\apps\examples\emptyExample\obj\Debug\link.8396-cvtres.read.1.tlog
C:\OpenFrameworks\apps\examples\emptyExample\obj\Debug\link.8396-cvtres.write.1.tlog
C:\OpenFrameworks\apps\examples\emptyExample\obj\Debug\link.8508.read.1.tlog
C:\OpenFrameworks\apps\examples\emptyExample\obj\Debug\link.8508.write.1.tlog
C:\OpenFrameworks\apps\examples\emptyExample\obj\Debug\link.8508-cvtres.read.1.tlog
C:\OpenFrameworks\apps\examples\emptyExample\obj\Debug\link.8508-cvtres.write.1.tlog
C:\OpenFrameworks\apps\examples\emptyExample\obj\Debug\link.8548.read.1.tlog
C:\OpenFrameworks\apps\examples\emptyExample\obj\Debug\link.8548.write.1.tlog
C:\OpenFrameworks\apps\examples\emptyExample\obj\Debug\link.8548-cvtres.read.1.tlog
C:\OpenFrameworks\apps\examples\emptyExample\obj\Debug\link.8548-cvtres.write.1.tlog
C:\OpenFrameworks\apps\examples\emptyExample\obj\Debug\link.8552.read.1.tlog
C:\OpenFrameworks\apps\examples\emptyExample\obj\Debug\link.8552.write.1.tlog
C:\OpenFrameworks\apps\examples\emptyExample\obj\Debug\link.8552-cvtres.read.1.tlog
C:\OpenFrameworks\apps\examples\emptyExample\obj\Debug\link.8552-cvtres.write.1.tlog
C:\OpenFrameworks\apps\examples\emptyExample\obj\Debug\link.8656.read.1.tlog
C:\OpenFrameworks\apps\examples\emptyExample\obj\Debug\link.8656.write.1.tlog
C:\OpenFrameworks\apps\examples\emptyExample\obj\Debug\link.8656-cvtres.read.1.tlog
C:\OpenFrameworks\apps\examples\emptyExample\obj\Debug\link.8656-cvtres.write.1.tlog
C:\OpenFrameworks\apps\examples\emptyExample\obj\Debug\link.8676.read.1.tlog
C:\OpenFrameworks\apps\examples\emptyExample\obj\Debug\link.8676.write.1.tlog
C:\OpenFrameworks\apps\examples\emptyExample\obj\Debug\link.8676-cvtres.read.1.tlog
C:\OpenFrameworks\apps\examples\emptyExample\obj\Debug\link.8676-cvtres.write.1.tlog
C:\OpenFrameworks\apps\examples\emptyExample\obj\Debug\link.8784.read.1.tlog
C:\OpenFrameworks\apps\examples\emptyExample\obj\Debug\link.8784.write.1.tlog
C:\OpenFrameworks\apps\examples\emptyExample\obj\Debug\link.8784-cvtres.read.1.tlog
C:\OpenFrameworks\apps\examples\emptyExample\obj\Debug\link.8784-cvtres.write.1.tlog
C:\OpenFrameworks\apps\examples\emptyExample\obj\Debug\link.8980.read.1.tlog
C:\OpenFrameworks\apps\examples\emptyExample\obj\Debug\link.8980.write.1.tlog
C:\OpenFrameworks\apps\examples\emptyExample\obj\Debug\link.8980-cvtres.read.1.tlog
C:\OpenFrameworks\apps\examples\emptyExample\obj\Debug\link.8980-cvtres.write.1.tlog
C:\OpenFrameworks\apps\examples\emptyExample\obj\Debug\link.9072.read.1.tlog
C:\OpenFrameworks\apps\examples\emptyExample\obj\Debug\link.9072.write.1.tlog
C:\OpenFrameworks\apps\examples\emptyExample\obj\Debug\link.9072-cvtres.read.1.tlog
C:\OpenFrameworks\apps\examples\emptyExample\obj\Debug\link.9072-cvtres.write.1.tlog
C:\OpenFrameworks\apps\examples\emptyExample\obj\Debug\link.command.1.tlog
C:\OpenFrameworks\apps\examples\emptyExample\obj\Debug\link.read.1.tlog
C:\OpenFrameworks\apps\examples\emptyExample\obj\Debug\link.write.1.tlog
C:\OpenFrameworks\apps\examples\emptyExample\obj\Debug\link-cvtres.read.1.tlog
C:\OpenFrameworks\apps\examples\emptyExample\obj\Debug\link-cvtres.write.1.tlog
C:\OPENFRAMEWORKS\APPS\EXAMPLES\EMPTYEXAMPLE\OBJ\DEBUG\MAIN.OBJ
C:\OpenFrameworks\apps\examples\emptyExample\obj\Debug\mt.command.1.tlog
C:\OpenFrameworks\apps\examples\emptyExample\obj\Debug\mt.read.1.tlog
C:\OpenFrameworks\apps\examples\emptyExample\obj\Debug\mt.write.1.tlog
C:\OPENFRAMEWORKS\APPS\EXAMPLES\EMPTYEXAMPLE\OBJ\DEBUG\OFXEQ.OBJ
C:\OPENFRAMEWORKS\APPS\EXAMPLES\EMPTYEXAMPLE\OBJ\DEBUG\OFXFFTBASE.OBJ
C:\OPENFRAMEWORKS\APPS\EXAMPLES\EMPTYEXAMPLE\OBJ\DEBUG\OFXFFTFILE.OBJ
C:\OPENFRAMEWORKS\APPS\EXAMPLES\EMPTYEXAMPLE\OBJ\DEBUG\OFXFFTLIVE.OBJ
C:\OPENFRAMEWORKS\APPS\EXAMPLES\EMPTYEXAMPLE\OBJ\DEBUG\OFXPARTICLE.OBJ
C:\OPENFRAMEWORKS\APPS\EXAMPLES\EMPTYEXAMPLE\OBJ\DEBUG\OFXPARTICLESYSTEM.OBJ
C:\OpenFrameworks\apps\examples\emptyExample\obj\Debug\rc.command.1.tlog
C:\OpenFrameworks\apps\examples\emptyExample\obj\Debug\rc.read.1.tlog
C:\OpenFrameworks\apps\examples\emptyExample\obj\Debug\rc.write.1.tlog
C:\OpenFrameworks\apps\examples\emptyExample\obj\Debug\ResolveAssemblyReference.cache
C:\OPENFRAMEWORKS\APPS\EXAMPLES\EMPTYEXAMPLE\OBJ\DEBUG\STEEREDVEHICLE.OBJ
C:\OPENFRAMEWORKS\APPS\EXAMPLES\EMPTYEXAMPLE\OBJ\DEBUG\TESTAPP.OBJ
C:\OpenFrameworks\apps\examples\emptyExample\obj\Debug\vc100.idb
C:\OPENFRAMEWORKS\APPS\EXAMPLES\EMPTYEXAMPLE\OBJ\DEBUG\VC100.PDB
C:\OPENFRAMEWORKS\APPS\EXAMPLES\EMPTYEXAMPLE\OBJ\DEBUG\VEHICLE.OBJ
C:\OPENFRAMEWORKS\OF_PRERELEASE_V007_VS2010\APPS\EXAMPLES\EMPTYEXAMPLE\OBJ\DEBUG\VC100.PDB
